1750285424,,,/home/ezzobir/Documents/Sofia Reyes - 1, 2, 3 [Official Acoustic Version] [fKBUSSY0nI8].mp4,104
1750285476,,,/home/ezzobir/Documents/Sofia Reyes - 1, 2, 3 (Lyrics) ft. Jason Derulo, De La Ghetto [niZKysMXzfI].mp4,116
1750285976,122,MPV | أفضل مشغل فيديو على لينكس وويندوز وماك - ضبط وتخصيص كامل للتطبيق,https://www.youtube.com/watch?v=t3IqyWNOdPg,181
1750286152,122,MPV | أفضل مشغل فيديو على لينكس وويندوز وماك - ضبط وتخصيص كامل للتطبيق,https://www.youtube.com/watch?v=t3IqyWNOdPg,181
1750286432,122,MPV | أفضل مشغل فيديو على لينكس وويندوز وماك - ضبط وتخصيص كامل للتطبيق,https://www.youtube.com/watch?v=t3IqyWNOdPg,181
1750286679,,,/home/ezzobir/Documents/Sofia Reyes - 1, 2, 3 (Lyrics) ft. Jason Derulo, De La Ghetto [niZKysMXzfI].mp4,116
1750286688,,,/home/ezzobir/Documents/Sofia Reyes - 1, 2, 3 [Official Acoustic Version] [fKBUSSY0nI8].mp4,104
1750286720,,,/home/ezzobir/Documents/Sofia Reyes - 1, 2, 3 [Official Acoustic Version] [fKBUSSY0nI8].mp4,104
1750286727,,,/home/ezzobir/Documents/Sofia Reyes - 1, 2, 3 [Official Acoustic Version] [fKBUSSY0nI8].mp4,104
1750286736,,,/home/ezzobir/Documents/Sofia Reyes - 1, 2, 3 [Official Acoustic Version] [fKBUSSY0nI8].mp4,104
1750286750,,,/home/ezzobir/Documents/Sofia Reyes - 1, 2, 3 (feat. Jason Derulo & De La Ghetto) [Official Video] [p03TIGqEc8o].mp4,129
1750286754,,,/home/ezzobir/Documents/Sofia Reyes - 1, 2, 3 (feat. Jason Derulo & De La Ghetto) [Official Video] [p03TIGqEc8o].mp4,129
1750286775,,,/home/ezzobir/Documents/Sofia Reyes - 1, 2, 3 (feat. Jason Derulo & De La Ghetto) [Official Video] [p03TIGqEc8o].mp4,129
1750286779,,,/home/ezzobir/Documents/Sofia Reyes - 1, 2, 3 (feat. Jason Derulo & De La Ghetto) [Official Video] [p03TIGqEc8o].mp4,129
1750286840,,,/home/ezzobir/Documents/Sofia Reyes - 1, 2, 3 (Lyrics ⧸ Letra) hola comment allez vous [emI8yym9NY4].mp4,119
1750286842,,,/home/ezzobir/Documents/Sofia Reyes - 1, 2, 3 (Lyrics) ft. Jason Derulo & De La Ghetto [BiupgODfR00].mp4,117
1750286844,,,/home/ezzobir/Documents/Sofia Reyes - 1, 2, 3 (Lyrics) ft. Jason Derulo, De La Ghetto [niZKysMXzfI].mp4,116
1750286845,,,/home/ezzobir/Documents/Sofia Reyes - 1, 2, 3 (sped up) Lyrics ft. Jason Derulo & De La Ghetto ｜ hola comment allez vous [sIdZs5m0p04].mp4,153
1750286847,,,/home/ezzobir/Documents/Sofia Reyes - 1, 2, 3 [Official Acoustic Version] [fKBUSSY0nI8].mp4,104
1750286849,,,/home/ezzobir/Documents/sofía reyes — 1, 2, 3 (slowed + reverb) [IlbjuvvSJzk].mp4,97
1757622308,,,/home/ezzobir/efs/repos/github.com/secondary-school/01_Mathematics/frahtia/2/01_2se/ch02_derivitive/mo13/mo13_01.jpg,129
1758128438,,,/home/ezzobir/Videos/f_a/01_Lecture 1： Basic Banach Space Theory.mp4,83
1758136383,,,/home/ezzobir/Videos/f_a/01_Lecture 1： Basic Banach Space Theory.mp4,83
1758141640,,,/home/ezzobir/Videos/f_a/01_Lecture 1： Basic Banach Space Theory.mp4,83
1758183887,,,/home/ezzobir/Videos/f_a/01_Lecture 1： Basic Banach Space Theory.mp4,83
1758184136,,,/home/ezzobir/Videos/f_a/02_Lecture 2： Bounded Linear Operators.mp4,82
1759075527,,,/home/ezzobir/Videos/r_a/01_Lecture 1： Sets, Set Operations and Mathematical Induction.mp4,105
1760467887,,,/home/ezzobir/Videos/f_a/01_Lecture 1： Basic Banach Space Theory.mp4,83
1766699014,,,/home/ezzobir/Videos/vokoscreenNG-2025-12-25_22-40-15.mkv,70
1766699311,,,/home/ezzobir/Videos/vokoscreenNG-2025-12-25_22-47-49.mkv,70
1766703546,,,/home/ezzobir/Videos/vokoscreenNG-2025-12-25_23-46-20.mkv,70
1766703571,,,/home/ezzobir/Videos/vokoscreenNG-2025-12-25_23-46-20.mkv,70
1766706149,,,/home/ezzobir/Videos/vokoscreenNG-2025-12-26_00-38-12.mkv,70
1766706417,,,/home/ezzobir/Videos/vokoscreenNG-2025-12-26_00-38-12.mkv,70
1766757339,,,/home/ezzobir/Downloads/k8FL9zxG.mp4,49
1766757354,,,/home/ezzobir/Downloads/k8FL9zxG.mp4,49
1766760798,,,/home/ezzobir/Gela Gela Gela ｜ Adnan Sami ｜ Sunidhi Chauhan ｜ Aitraaz ｜ 2004 [hRp_OjYw-Qc].mp3,115
1766761114,,,/home/ezzobir/Gela.mp3,35
1766793950,,,/home/ezzobir/Downloads/k8FL9zxG.mp4,49
1769173082,,,/home/ezzobir/Videos/OnlyFans - Nia Bleu - Roomate Gets Hard Pussy Fucking And Creampie rq.mp4,107
1769173095,,,/home/ezzobir/Videos/OnlyFans - Nia Bleu - Roomate Gets Hard Pussy Fucking And Creampie rq.mp4,107
1770756330,,,/home/ezzobir/Downloads/111(1).mp4,47
1777680461,,,/home/ezzobir/Videos/vokoscreenNG-2026-05-02_01-06-48.mkv,70
1777680577,,,/home/ezzobir/Videos/vokoscreenNG-2026-05-02_01-08-36.mkv,70
1777680845,,,/home/ezzobir/Videos/vokoscreenNG-2026-05-02_01-08-36.mkv,70
1778535866,,,/home/ezzobir/Downloads/WhatsApp Video 2026-05-11 at 22.42.14.mp4,78
1778535918,,,/home/ezzobir/Downloads/WhatsApp Video 2026-05-11 at 22.42.14.mp4,78
1778535935,,,/home/ezzobir/Downloads/WhatsApp Video 2026-05-11 at 22.42.14.mp4,78
1778536166,,,/home/ezzobir/Downloads/prof.mp4,45
1778537447,,,/home/ezzobir/Downloads/prof.mp4,45
1778537464,,,/home/ezzobir/Downloads/prof.mp4,45
1778537476,,,/home/ezzobir/Downloads/prof.mp4,45
1778635267,,,/home/ezzobir/Downloads/prof.mp4,45
