1750285424,,,/home/ezzobir/Documents/Sofia Reyes - 1, 2, 3 [Official Acoustic Version] [fKBUSSY0nI8].mp4,104
1750285476,,,/home/ezzobir/Documents/Sofia Reyes - 1, 2, 3 (Lyrics) ft. Jason Derulo, De La Ghetto [niZKysMXzfI].mp4,116
1750285976,122,MPV | أفضل مشغل فيديو على لينكس وويندوز وماك - ضبط وتخصيص كامل للتطبيق,https://www.youtube.com/watch?v=t3IqyWNOdPg,181
1750286152,122,MPV | أفضل مشغل فيديو على لينكس وويندوز وماك - ضبط وتخصيص كامل للتطبيق,https://www.youtube.com/watch?v=t3IqyWNOdPg,181
1750286432,122,MPV | أفضل مشغل فيديو على لينكس وويندوز وماك - ضبط وتخصيص كامل للتطبيق,https://www.youtube.com/watch?v=t3IqyWNOdPg,181
1750286679,,,/home/ezzobir/Documents/Sofia Reyes - 1, 2, 3 (Lyrics) ft. Jason Derulo, De La Ghetto [niZKysMXzfI].mp4,116
1750286688,,,/home/ezzobir/Documents/Sofia Reyes - 1, 2, 3 [Official Acoustic Version] [fKBUSSY0nI8].mp4,104
1750286720,,,/home/ezzobir/Documents/Sofia Reyes - 1, 2, 3 [Official Acoustic Version] [fKBUSSY0nI8].mp4,104
1750286727,,,/home/ezzobir/Documents/Sofia Reyes - 1, 2, 3 [Official Acoustic Version] [fKBUSSY0nI8].mp4,104
1750286736,,,/home/ezzobir/Documents/Sofia Reyes - 1, 2, 3 [Official Acoustic Version] [fKBUSSY0nI8].mp4,104
1750286750,,,/home/ezzobir/Documents/Sofia Reyes - 1, 2, 3 (feat. Jason Derulo & De La Ghetto) [Official Video] [p03TIGqEc8o].mp4,129
1750286754,,,/home/ezzobir/Documents/Sofia Reyes - 1, 2, 3 (feat. Jason Derulo & De La Ghetto) [Official Video] [p03TIGqEc8o].mp4,129
1750286775,,,/home/ezzobir/Documents/Sofia Reyes - 1, 2, 3 (feat. Jason Derulo & De La Ghetto) [Official Video] [p03TIGqEc8o].mp4,129
1750286779,,,/home/ezzobir/Documents/Sofia Reyes - 1, 2, 3 (feat. Jason Derulo & De La Ghetto) [Official Video] [p03TIGqEc8o].mp4,129
1750286840,,,/home/ezzobir/Documents/Sofia Reyes - 1, 2, 3 (Lyrics ⧸ Letra) hola comment allez vous [emI8yym9NY4].mp4,119
1750286842,,,/home/ezzobir/Documents/Sofia Reyes - 1, 2, 3 (Lyrics) ft. Jason Derulo & De La Ghetto [BiupgODfR00].mp4,117
1750286844,,,/home/ezzobir/Documents/Sofia Reyes - 1, 2, 3 (Lyrics) ft. Jason Derulo, De La Ghetto [niZKysMXzfI].mp4,116
1750286845,,,/home/ezzobir/Documents/Sofia Reyes - 1, 2, 3 (sped up) Lyrics ft. Jason Derulo & De La Ghetto ｜ hola comment allez vous [sIdZs5m0p04].mp4,153
1750286847,,,/home/ezzobir/Documents/Sofia Reyes - 1, 2, 3 [Official Acoustic Version] [fKBUSSY0nI8].mp4,104
1750286849,,,/home/ezzobir/Documents/sofía reyes — 1, 2, 3 (slowed + reverb) [IlbjuvvSJzk].mp4,97
